[0m19:28:10.032431 [debug] [MainThread]: Sending event: {'category': 'dbt', 'action': 'invocation', 'label': 'start', 'context': [<snowplow_tracker.self_describing_json.SelfDescribingJson object at 0x1095b71a0>, <snowplow_tracker.self_describing_json.SelfDescribingJson object at 0x10c1a0d10>, <snowplow_tracker.self_describing_json.SelfDescribingJson object at 0x10c1a0920>]}


============================== 19:28:10.034492 | dfcb4b3e-ccbc-4c5c-a892-cb257886375d ==============================
[0m19:28:10.034492 [info ] [MainThread]: Running with dbt=1.11.8
[0m19:28:10.034748 [debug] [MainThread]: running dbt with arguments {'static_parser': 'True', 'quiet': 'False', 'target_path': 'None', 'empty': 'None', 'printer_width': '80', 'indirect_selection': 'eager', 'cache_selected_only': 'False', 'introspect': 'True', 'partial_parse': 'True', 'fail_fast': 'False', 'version_check': 'True', 'log_cache_events': 'False', 'log_format': 'default', 'send_anonymous_usage_stats': 'True', 'use_experimental_parser': 'False', 'no_print': 'None', 'warn_error_options': 'WarnErrorOptionsV2(error=[], warn=[], silence=[])', 'log_path': '/Users/Jonasz/Desktop/github/nyc-citi-bike-and-weather/logs', 'write_json': 'True', 'warn_error': 'None', 'use_colors': 'True', 'debug': 'False', 'invocation_command': 'dbt parse', 'profiles_dir': '/Users/Jonasz/.dbt'}
[0m19:28:10.142993 [debug] [MainThread]: Snowflake adapter: Setting snowflake.connector to ERROR (file logging only)
[0m19:28:10.143269 [debug] [MainThread]: Snowflake adapter: Setting botocore to ERROR (file logging only)
[0m19:28:10.143388 [debug] [MainThread]: Snowflake adapter: Setting boto3 to ERROR (file logging only)
[0m19:28:10.247135 [debug] [MainThread]: Sending event: {'category': 'dbt', 'action': 'project_id', 'label': 'dfcb4b3e-ccbc-4c5c-a892-cb257886375d', 'context': [<snowplow_tracker.self_describing_json.SelfDescribingJson object at 0x10d276f90>]}
[0m19:28:10.270027 [debug] [MainThread]: Sending event: {'category': 'dbt', 'action': 'adapter_info', 'label': 'dfcb4b3e-ccbc-4c5c-a892-cb257886375d', 'context': [<snowplow_tracker.self_describing_json.SelfDescribingJson object at 0x10c8e7590>]}
[0m19:28:10.270451 [info ] [MainThread]: Registered adapter: snowflake=1.11.4
[0m19:28:10.332605 [debug] [MainThread]: checksum: 7d524ac048c2100769df89d592e662e060a73ca564e31bd9c2a37efdfe8d8ab6, vars: {}, profile: , target: , version: 1.11.8
[0m19:28:10.333004 [info ] [MainThread]: Unable to do partial parsing because saved manifest not found. Starting full parse.
[0m19:28:10.333149 [debug] [MainThread]: Sending event: {'category': 'dbt', 'action': 'partial_parser', 'label': 'dfcb4b3e-ccbc-4c5c-a892-cb257886375d', 'context': [<snowplow_tracker.self_describing_json.SelfDescribingJson object at 0x10cf25f10>]}
[0m19:28:10.892814 [warn ] [MainThread]: [[33mWARNING[0m]: Configuration paths exist in your dbt_project.yml file which do not apply to any resources.
There are 1 unused configuration paths:
- models.snowflake_data_sedum.raw
[0m19:28:10.897614 [debug] [MainThread]: Sending event: {'category': 'dbt', 'action': 'load_project', 'label': 'dfcb4b3e-ccbc-4c5c-a892-cb257886375d', 'context': [<snowplow_tracker.self_describing_json.SelfDescribingJson object at 0x10e1f0440>]}
[0m19:28:10.899168 [info ] [MainThread]: Performance info: /Users/Jonasz/Desktop/github/nyc-citi-bike-and-weather/target/perf_info.json
[0m19:28:10.964386 [debug] [MainThread]: Wrote artifact WritableManifest to /Users/Jonasz/Desktop/github/nyc-citi-bike-and-weather/target/manifest.json
[0m19:28:10.965779 [debug] [MainThread]: Wrote artifact SemanticManifest to /Users/Jonasz/Desktop/github/nyc-citi-bike-and-weather/target/semantic_manifest.json
[0m19:28:10.968114 [debug] [MainThread]: Resource report: {"command_name": "parse", "command_success": true, "command_wall_clock_time": 0.9665365, "process_in_blocks": "0", "process_kernel_time": 0.158523, "process_mem_max_rss": "154320896", "process_out_blocks": "0", "process_user_time": 1.388376}
[0m19:28:10.968325 [debug] [MainThread]: Command `dbt parse` succeeded at 19:28:10.968286 after 0.97 seconds
[0m19:28:10.968482 [debug] [MainThread]: Sending event: {'category': 'dbt', 'action': 'invocation', 'label': 'end', 'context': [<snowplow_tracker.self_describing_json.SelfDescribingJson object at 0x10cf6ef60>, <snowplow_tracker.self_describing_json.SelfDescribingJson object at 0x10a6fbd40>, <snowplow_tracker.self_describing_json.SelfDescribingJson object at 0x1095b71a0>]}
[0m19:28:10.968619 [debug] [MainThread]: Flushing usage events
[0m19:28:11.812110 [debug] [MainThread]: An error was encountered while trying to flush usage events
[0m19:28:16.633402 [debug] [MainThread]: Sending event: {'category': 'dbt', 'action': 'invocation', 'label': 'start', 'context': [<snowplow_tracker.self_describing_json.SelfDescribingJson object at 0x10ceaedb0>, <snowplow_tracker.self_describing_json.SelfDescribingJson object at 0x10d600ce0>, <snowplow_tracker.self_describing_json.SelfDescribingJson object at 0x10d6008f0>]}


============================== 19:28:16.635248 | b757fa26-8a18-4b9d-825b-cd84b1bff4ab ==============================
[0m19:28:16.635248 [info ] [MainThread]: Running with dbt=1.11.8
[0m19:28:16.635485 [debug] [MainThread]: running dbt with arguments {'version_check': 'True', 'partial_parse': 'True', 'use_colors': 'True', 'write_json': 'True', 'no_print': 'None', 'fail_fast': 'False', 'log_format': 'default', 'use_experimental_parser': 'False', 'introspect': 'True', 'target_path': 'None', 'send_anonymous_usage_stats': 'True', 'debug': 'False', 'indirect_selection': 'eager', 'empty': 'False', 'quiet': 'False', 'printer_width': '80', 'warn_error': 'None', 'invocation_command': 'dbt build', 'log_path': '/Users/Jonasz/Desktop/github/nyc-citi-bike-and-weather/logs', 'log_cache_events': 'False', 'cache_selected_only': 'False', 'profiles_dir': '/Users/Jonasz/.dbt', 'warn_error_options': 'WarnErrorOptionsV2(error=[], warn=[], silence=[])', 'static_parser': 'True'}
[0m19:28:16.737774 [debug] [MainThread]: Snowflake adapter: Setting snowflake.connector to ERROR (file logging only)
[0m19:28:16.738025 [debug] [MainThread]: Snowflake adapter: Setting botocore to ERROR (file logging only)
[0m19:28:16.738143 [debug] [MainThread]: Snowflake adapter: Setting boto3 to ERROR (file logging only)
[0m19:28:16.827363 [debug] [MainThread]: Sending event: {'category': 'dbt', 'action': 'project_id', 'label': 'b757fa26-8a18-4b9d-825b-cd84b1bff4ab', 'context': [<snowplow_tracker.self_describing_json.SelfDescribingJson object at 0x10e6b04d0>]}
[0m19:28:16.850925 [debug] [MainThread]: Sending event: {'category': 'dbt', 'action': 'adapter_info', 'label': 'b757fa26-8a18-4b9d-825b-cd84b1bff4ab', 'context': [<snowplow_tracker.self_describing_json.SelfDescribingJson object at 0x10c83a060>]}
[0m19:28:16.851389 [info ] [MainThread]: Registered adapter: snowflake=1.11.4
[0m19:28:16.913437 [debug] [MainThread]: checksum: 7d524ac048c2100769df89d592e662e060a73ca564e31bd9c2a37efdfe8d8ab6, vars: {}, profile: , target: , version: 1.11.8
[0m19:28:16.962796 [debug] [MainThread]: Partial parsing enabled: 0 files deleted, 0 files added, 0 files changed.
[0m19:28:16.963023 [debug] [MainThread]: Nothing changed, skipping partial parsing.
[0m19:28:16.963137 [debug] [MainThread]: Partial parsing enabled, no changes found, skipping parsing
[0m19:28:16.965388 [warn ] [MainThread]: [[33mWARNING[0m]: Configuration paths exist in your dbt_project.yml file which do not apply to any resources.
There are 1 unused configuration paths:
- models.snowflake_data_sedum.raw
[0m19:28:16.978417 [debug] [MainThread]: Sending event: {'category': 'dbt', 'action': 'load_project', 'label': 'b757fa26-8a18-4b9d-825b-cd84b1bff4ab', 'context': [<snowplow_tracker.self_describing_json.SelfDescribingJson object at 0x10e7ece00>]}
[0m19:28:17.014950 [debug] [MainThread]: Wrote artifact WritableManifest to /Users/Jonasz/Desktop/github/nyc-citi-bike-and-weather/target/manifest.json
[0m19:28:17.015991 [debug] [MainThread]: Wrote artifact SemanticManifest to /Users/Jonasz/Desktop/github/nyc-citi-bike-and-weather/target/semantic_manifest.json
[0m19:28:17.029144 [debug] [MainThread]: Sending event: {'category': 'dbt', 'action': 'resource_counts', 'label': 'b757fa26-8a18-4b9d-825b-cd84b1bff4ab', 'context': [<snowplow_tracker.self_describing_json.SelfDescribingJson object at 0x10e9a77a0>]}
[0m19:28:17.029408 [info ] [MainThread]: Found 2 models, 3 sources, 639 macros
[0m19:28:17.030189 [info ] [MainThread]: 
[0m19:28:17.030318 [info ] [MainThread]: Concurrency: 8 threads (target='dev')
[0m19:28:17.030415 [info ] [MainThread]: 
[0m19:28:17.030607 [debug] [MainThread]: Acquiring new snowflake connection 'master'
[0m19:28:17.032267 [debug] [ThreadPool]: Acquiring new snowflake connection 'list_DBT_ANALYTICS'
[0m19:28:17.071285 [debug] [ThreadPool]: Using snowflake connection "list_DBT_ANALYTICS"
[0m19:28:17.071481 [debug] [ThreadPool]: On list_DBT_ANALYTICS: show terse schemas in database DBT_ANALYTICS
    limit 10000
/* {"app": "dbt", "dbt_version": "1.11.8", "profile_name": "snowflake_data_sedum", "target_name": "dev", "connection_name": "list_DBT_ANALYTICS"} */
[0m19:28:17.071589 [debug] [ThreadPool]: Opening a new connection, currently in state init
[0m19:28:18.128934 [debug] [ThreadPool]: Snowflake adapter: Snowflake query id: 01c43c38-0000-b5ca-0000-bd710015545e
[0m19:28:18.129283 [debug] [ThreadPool]: Snowflake adapter: Snowflake error: 002043 (02000): SQL compilation error:
Object does not exist, or operation cannot be performed.
[0m19:28:18.129614 [debug] [ThreadPool]: Snowflake adapter: Error running SQL: macro list_schemas
[0m19:28:18.129860 [debug] [ThreadPool]: Snowflake adapter: Rolling back transaction.
[0m19:28:18.130423 [debug] [MainThread]: Connection 'master' was properly closed.
[0m19:28:18.130657 [debug] [MainThread]: Connection 'list_DBT_ANALYTICS' was left open.
[0m19:28:18.130852 [debug] [MainThread]: On list_DBT_ANALYTICS: Close
[0m19:28:18.251776 [info ] [MainThread]: 
[0m19:28:18.252261 [info ] [MainThread]: Finished running  in 0 hours 0 minutes and 1.22 seconds (1.22s).
[0m19:28:18.252715 [error] [MainThread]: Encountered an error:
Runtime Error
  Database error while listing schemas in database "DBT_ANALYTICS"
  Database Error
    002043 (02000): SQL compilation error:
    Object does not exist, or operation cannot be performed.
[0m19:28:18.255748 [debug] [MainThread]: Resource report: {"command_name": "build", "command_success": false, "command_wall_clock_time": 1.6519015, "process_in_blocks": "0", "process_kernel_time": 0.239148, "process_mem_max_rss": "166756352", "process_out_blocks": "0", "process_user_time": 1.178466}
[0m19:28:18.256149 [debug] [MainThread]: Command `dbt build` failed at 19:28:18.256061 after 1.65 seconds
[0m19:28:18.256496 [debug] [MainThread]: Sending event: {'category': 'dbt', 'action': 'invocation', 'label': 'end', 'context': [<snowplow_tracker.self_describing_json.SelfDescribingJson object at 0x10d3f4410>, <snowplow_tracker.self_describing_json.SelfDescribingJson object at 0x10e454590>, <snowplow_tracker.self_describing_json.SelfDescribingJson object at 0x10fba3770>]}
[0m19:28:18.256790 [debug] [MainThread]: Flushing usage events
[0m19:28:18.966643 [debug] [MainThread]: An error was encountered while trying to flush usage events
[0m19:28:59.757741 [debug] [MainThread]: Sending event: {'category': 'dbt', 'action': 'invocation', 'label': 'start', 'context': [<snowplow_tracker.self_describing_json.SelfDescribingJson object at 0x10ddaeb70>, <snowplow_tracker.self_describing_json.SelfDescribingJson object at 0x10e1acc50>, <snowplow_tracker.self_describing_json.SelfDescribingJson object at 0x10e1ac800>]}


============================== 19:28:59.759747 | 6b5e1d6d-5880-4212-9b51-3b28a2934c37 ==============================
[0m19:28:59.759747 [info ] [MainThread]: Running with dbt=1.11.8
[0m19:28:59.760002 [debug] [MainThread]: running dbt with arguments {'use_colors': 'True', 'log_format': 'default', 'fail_fast': 'False', 'version_check': 'True', 'profiles_dir': '/Users/Jonasz/.dbt', 'warn_error': 'None', 'no_print': 'None', 'log_cache_events': 'False', 'target_path': 'None', 'write_json': 'True', 'static_parser': 'True', 'cache_selected_only': 'False', 'indirect_selection': 'eager', 'use_experimental_parser': 'False', 'printer_width': '80', 'quiet': 'False', 'send_anonymous_usage_stats': 'True', 'partial_parse': 'True', 'invocation_command': 'dbt build', 'empty': 'False', 'warn_error_options': 'WarnErrorOptionsV2(error=[], warn=[], silence=[])', 'introspect': 'True', 'debug': 'False', 'log_path': '/Users/Jonasz/Desktop/github/nyc-citi-bike-and-weather/logs'}
[0m19:28:59.859635 [debug] [MainThread]: Snowflake adapter: Setting snowflake.connector to ERROR (file logging only)
[0m19:28:59.859890 [debug] [MainThread]: Snowflake adapter: Setting botocore to ERROR (file logging only)
[0m19:28:59.860008 [debug] [MainThread]: Snowflake adapter: Setting boto3 to ERROR (file logging only)
[0m19:28:59.958344 [debug] [MainThread]: Sending event: {'category': 'dbt', 'action': 'project_id', 'label': '6b5e1d6d-5880-4212-9b51-3b28a2934c37', 'context': [<snowplow_tracker.self_describing_json.SelfDescribingJson object at 0x10f055a60>]}
[0m19:28:59.984162 [debug] [MainThread]: Sending event: {'category': 'dbt', 'action': 'adapter_info', 'label': '6b5e1d6d-5880-4212-9b51-3b28a2934c37', 'context': [<snowplow_tracker.self_describing_json.SelfDescribingJson object at 0x10dd76d80>]}
[0m19:28:59.984643 [info ] [MainThread]: Registered adapter: snowflake=1.11.4
[0m19:29:00.044054 [debug] [MainThread]: checksum: 7d524ac048c2100769df89d592e662e060a73ca564e31bd9c2a37efdfe8d8ab6, vars: {}, profile: , target: , version: 1.11.8
[0m19:29:00.081860 [info ] [MainThread]: Unable to do partial parsing because profile has changed
[0m19:29:00.082105 [debug] [MainThread]: Sending event: {'category': 'dbt', 'action': 'partial_parser', 'label': '6b5e1d6d-5880-4212-9b51-3b28a2934c37', 'context': [<snowplow_tracker.self_describing_json.SelfDescribingJson object at 0x10daa6120>]}
[0m19:29:00.637988 [warn ] [MainThread]: [[33mWARNING[0m]: Configuration paths exist in your dbt_project.yml file which do not apply to any resources.
There are 1 unused configuration paths:
- models.snowflake_data_sedum.raw
[0m19:29:00.642959 [debug] [MainThread]: Sending event: {'category': 'dbt', 'action': 'load_project', 'label': '6b5e1d6d-5880-4212-9b51-3b28a2934c37', 'context': [<snowplow_tracker.self_describing_json.SelfDescribingJson object at 0x1102dfce0>]}
[0m19:29:00.677975 [debug] [MainThread]: Wrote artifact WritableManifest to /Users/Jonasz/Desktop/github/nyc-citi-bike-and-weather/target/manifest.json
[0m19:29:00.679166 [debug] [MainThread]: Wrote artifact SemanticManifest to /Users/Jonasz/Desktop/github/nyc-citi-bike-and-weather/target/semantic_manifest.json
[0m19:29:00.690757 [debug] [MainThread]: Sending event: {'category': 'dbt', 'action': 'resource_counts', 'label': '6b5e1d6d-5880-4212-9b51-3b28a2934c37', 'context': [<snowplow_tracker.self_describing_json.SelfDescribingJson object at 0x10f2cb410>]}
[0m19:29:00.690984 [info ] [MainThread]: Found 2 models, 3 sources, 639 macros
[0m19:29:00.691717 [info ] [MainThread]: 
[0m19:29:00.691856 [info ] [MainThread]: Concurrency: 8 threads (target='dev')
[0m19:29:00.691965 [info ] [MainThread]: 
[0m19:29:00.692152 [debug] [MainThread]: Acquiring new snowflake connection 'master'
[0m19:29:00.693757 [debug] [ThreadPool]: Acquiring new snowflake connection 'list_NYC_CITI_BIKE'
[0m19:29:00.721013 [debug] [ThreadPool]: Using snowflake connection "list_NYC_CITI_BIKE"
[0m19:29:00.721216 [debug] [ThreadPool]: On list_NYC_CITI_BIKE: show terse schemas in database NYC_CITI_BIKE
    limit 10000
/* {"app": "dbt", "dbt_version": "1.11.8", "profile_name": "snowflake_data_sedum", "target_name": "dev", "connection_name": "list_NYC_CITI_BIKE"} */
[0m19:29:00.721328 [debug] [ThreadPool]: Opening a new connection, currently in state init
[0m19:29:01.375341 [debug] [ThreadPool]: SQL status: SUCCESS 2 in 0.654 seconds
[0m19:29:01.379241 [debug] [ThreadPool]: Re-using an available connection from the pool (formerly list_NYC_CITI_BIKE, now list_NYC_CITI_BIKE_PUBLIC)
[0m19:29:01.393382 [debug] [ThreadPool]: Using snowflake connection "list_NYC_CITI_BIKE_PUBLIC"
[0m19:29:01.393859 [debug] [ThreadPool]: On list_NYC_CITI_BIKE_PUBLIC: show objects in NYC_CITI_BIKE.PUBLIC
    limit 10000
    

/* {"app": "dbt", "dbt_version": "1.11.8", "profile_name": "snowflake_data_sedum", "target_name": "dev", "connection_name": "list_NYC_CITI_BIKE_PUBLIC"} */;
[0m19:29:01.485883 [debug] [ThreadPool]: SQL status: SUCCESS 3 in 0.092 seconds
[0m19:29:01.489071 [debug] [MainThread]: Sending event: {'category': 'dbt', 'action': 'runnable_timing', 'label': '6b5e1d6d-5880-4212-9b51-3b28a2934c37', 'context': [<snowplow_tracker.self_describing_json.SelfDescribingJson object at 0x10d41a6c0>]}
[0m19:29:01.493488 [debug] [Thread-2 (]: Began running node model.snowflake_data_sedum.stg_nyc_weather
[0m19:29:01.494025 [info ] [Thread-2 (]: 1 of 2 START sql view model PUBLIC.stg_nyc_weather ............................. [RUN]
[0m19:29:01.494442 [debug] [Thread-2 (]: Re-using an available connection from the pool (formerly list_NYC_CITI_BIKE_PUBLIC, now model.snowflake_data_sedum.stg_nyc_weather)
[0m19:29:01.494703 [debug] [Thread-2 (]: Began compiling node model.snowflake_data_sedum.stg_nyc_weather
[0m19:29:01.501330 [debug] [Thread-2 (]: Writing injected SQL for node "model.snowflake_data_sedum.stg_nyc_weather"
[0m19:29:01.502383 [debug] [Thread-2 (]: Began executing node model.snowflake_data_sedum.stg_nyc_weather
[0m19:29:01.520851 [debug] [Thread-2 (]: Writing runtime sql for node "model.snowflake_data_sedum.stg_nyc_weather"
[0m19:29:01.522092 [debug] [Thread-2 (]: Using snowflake connection "model.snowflake_data_sedum.stg_nyc_weather"
[0m19:29:01.522311 [debug] [Thread-2 (]: On model.snowflake_data_sedum.stg_nyc_weather: create or replace   view NYC_CITI_BIKE.PUBLIC.stg_nyc_weather
  
  
  
  
  as (
    select
    logical_date,
    loaded_at,
    raw_json
from NYC_CITI_BIKE.PUBLIC.NYC_WEATHER_RAW
  )
/* {"app": "dbt", "dbt_version": "1.11.8", "profile_name": "snowflake_data_sedum", "target_name": "dev", "node_id": "model.snowflake_data_sedum.stg_nyc_weather"} */;
[0m19:29:01.782752 [debug] [Thread-2 (]: SQL status: SUCCESS 1 in 0.260 seconds
[0m19:29:01.800800 [debug] [Thread-2 (]: Sending event: {'category': 'dbt', 'action': 'run_model', 'label': '6b5e1d6d-5880-4212-9b51-3b28a2934c37', 'context': [<snowplow_tracker.self_describing_json.SelfDescribingJson object at 0x1103048f0>]}
[0m19:29:01.801345 [info ] [Thread-2 (]: 1 of 2 OK created sql view model PUBLIC.stg_nyc_weather ........................ [[32mSUCCESS 1[0m in 0.30s]
[0m19:29:01.801717 [debug] [Thread-2 (]: Finished running node model.snowflake_data_sedum.stg_nyc_weather
[0m19:29:01.802303 [debug] [Thread-4 (]: Began running node model.snowflake_data_sedum.mart_nyc_weather_daily
[0m19:29:01.802712 [info ] [Thread-4 (]: 2 of 2 START sql table model PUBLIC.mart_nyc_weather_daily ..................... [RUN]
[0m19:29:01.803091 [debug] [Thread-4 (]: Acquiring new snowflake connection 'model.snowflake_data_sedum.mart_nyc_weather_daily'
[0m19:29:01.803307 [debug] [Thread-4 (]: Began compiling node model.snowflake_data_sedum.mart_nyc_weather_daily
[0m19:29:01.805456 [debug] [Thread-4 (]: Writing injected SQL for node "model.snowflake_data_sedum.mart_nyc_weather_daily"
[0m19:29:01.806236 [debug] [Thread-4 (]: Began executing node model.snowflake_data_sedum.mart_nyc_weather_daily
[0m19:29:01.823477 [debug] [Thread-4 (]: Writing runtime sql for node "model.snowflake_data_sedum.mart_nyc_weather_daily"
[0m19:29:01.824802 [debug] [Thread-4 (]: Using snowflake connection "model.snowflake_data_sedum.mart_nyc_weather_daily"
[0m19:29:01.825203 [debug] [Thread-4 (]: On model.snowflake_data_sedum.mart_nyc_weather_daily: create or replace transient table NYC_CITI_BIKE.PUBLIC.mart_nyc_weather_daily
    
    
    
    as (select
    cast(logical_date as date) as weather_date,
    count(*) as record_count,
    max(loaded_at) as last_loaded_at
from NYC_CITI_BIKE.PUBLIC.stg_nyc_weather
group by 1
    )

/* {"app": "dbt", "dbt_version": "1.11.8", "profile_name": "snowflake_data_sedum", "target_name": "dev", "node_id": "model.snowflake_data_sedum.mart_nyc_weather_daily"} */;
[0m19:29:01.825465 [debug] [Thread-4 (]: Opening a new connection, currently in state init
[0m19:29:03.627654 [debug] [Thread-4 (]: SQL status: SUCCESS 1 in 1.802 seconds
[0m19:29:03.631506 [debug] [Thread-4 (]: Sending event: {'category': 'dbt', 'action': 'run_model', 'label': '6b5e1d6d-5880-4212-9b51-3b28a2934c37', 'context': [<snowplow_tracker.self_describing_json.SelfDescribingJson object at 0x1109aa240>]}
[0m19:29:03.632266 [info ] [Thread-4 (]: 2 of 2 OK created sql table model PUBLIC.mart_nyc_weather_daily ................ [[32mSUCCESS 1[0m in 1.83s]
[0m19:29:03.632679 [debug] [Thread-4 (]: Finished running node model.snowflake_data_sedum.mart_nyc_weather_daily
[0m19:29:03.633780 [debug] [MainThread]: Connection 'master' was properly closed.
[0m19:29:03.633987 [debug] [MainThread]: Connection 'model.snowflake_data_sedum.stg_nyc_weather' was left open.
[0m19:29:03.634175 [debug] [MainThread]: On model.snowflake_data_sedum.stg_nyc_weather: Close
[0m19:29:03.759257 [debug] [MainThread]: Connection 'model.snowflake_data_sedum.mart_nyc_weather_daily' was left open.
[0m19:29:03.759987 [debug] [MainThread]: On model.snowflake_data_sedum.mart_nyc_weather_daily: Close
[0m19:29:03.895949 [info ] [MainThread]: 
[0m19:29:03.897313 [info ] [MainThread]: Finished running 1 table model, 1 view model in 0 hours 0 minutes and 3.20 seconds (3.20s).
[0m19:29:03.899423 [debug] [MainThread]: Command end result
[0m19:29:03.932684 [debug] [MainThread]: Wrote artifact WritableManifest to /Users/Jonasz/Desktop/github/nyc-citi-bike-and-weather/target/manifest.json
[0m19:29:03.934323 [debug] [MainThread]: Wrote artifact SemanticManifest to /Users/Jonasz/Desktop/github/nyc-citi-bike-and-weather/target/semantic_manifest.json
[0m19:29:03.937807 [debug] [MainThread]: Wrote artifact RunExecutionResult to /Users/Jonasz/Desktop/github/nyc-citi-bike-and-weather/target/run_results.json
[0m19:29:03.938070 [info ] [MainThread]: 
[0m19:29:03.938378 [info ] [MainThread]: [32mCompleted successfully[0m
[0m19:29:03.938585 [info ] [MainThread]: 
[0m19:29:03.938822 [info ] [MainThread]: Done. PASS=2 WARN=0 ERROR=0 SKIP=0 NO-OP=0 TOTAL=2
[0m19:29:03.941266 [debug] [MainThread]: Resource report: {"command_name": "build", "command_success": true, "command_wall_clock_time": 4.2137895, "process_in_blocks": "0", "process_kernel_time": 0.207744, "process_mem_max_rss": "173572096", "process_out_blocks": "0", "process_user_time": 1.878902}
[0m19:29:03.941497 [debug] [MainThread]: Command `dbt build` succeeded at 19:29:03.941457 after 4.21 seconds
[0m19:29:03.941767 [debug] [MainThread]: Sending event: {'category': 'dbt', 'action': 'invocation', 'label': 'end', 'context': [<snowplow_tracker.self_describing_json.SelfDescribingJson object at 0x10e1ac590>, <snowplow_tracker.self_describing_json.SelfDescribingJson object at 0x10e1ac980>, <snowplow_tracker.self_describing_json.SelfDescribingJson object at 0x10e1ac800>]}
[0m19:29:03.941998 [debug] [MainThread]: Flushing usage events
[0m19:29:04.655064 [debug] [MainThread]: An error was encountered while trying to flush usage events
